Using pre-set license
Built from '2020.2/release' branch; Version is '2020.2.2f1 (068178b99f32) revision 426360'; Using compiler version '192528614'; Build Type 'Release'
OS: 'Windows 10 Home; OS build 19041.928; Version 2004; 64bit' Language: 'fr' Physical Memory: 16327 MB
BatchMode: 1, IsHumanControllingUs: 0, StartBugReporterOnCrash: 0, Is64bit: 1, IsPro: 0

 COMMAND LINE ARGUMENTS:
C:\Program Files\Unity\Hub\Editor\2020.2.2f1\Editor\Unity.exe
-adb2
-batchMode
-noUpm
-name
AssetImportWorker0
-projectPath
H:/Unity Projects/DeeperCorp
-logFile
Logs/AssetImportWorker0.log
-srvPort
52549
Successfully changed project path to: H:/Unity Projects/DeeperCorp
H:/Unity Projects/DeeperCorp
Using Asset Import Pipeline V2.
Refreshing native plugins compatible for Editor in 33.76 ms, found 0 plugins.
Preloading 0 native plugins for Editor in 0.00 ms.
Initialize engine version: 2020.2.2f1 (068178b99f32)
[Subsystems] Discovering subsystems at path C:/Program Files/Unity/Hub/Editor/2020.2.2f1/Editor/Data/Resources/UnitySubsystems
[Subsystems] Discovering subsystems at path H:/Unity Projects/DeeperCorp/Assets
GfxDevice: creating device client; threaded=0
Direct3D:
    Version:  Direct3D 11.0 [level 11.1]
    Renderer: NVIDIA GeForce GTX 980 Ti (ID=0x17c8)
    Vendor:   
    VRAM:     6097 MB
    Driver:   27.21.14.6611
Initialize mono
Mono path[0] = 'C:/Program Files/Unity/Hub/Editor/2020.2.2f1/Editor/Data/Managed'
Mono path[1] = 'C:/Program Files/Unity/Hub/Editor/2020.2.2f1/Editor/Data/MonoBleedingEdge/lib/mono/unityjit'
Mono config path = 'C:/Program Files/Unity/Hub/Editor/2020.2.2f1/Editor/Data/MonoBleedingEdge/etc'
Using monoOptions --debugger-agent=transport=dt_socket,embedding=1,server=y,suspend=n,address=127.0.0.1:56560
Begin MonoManager ReloadAssembly
Registering precompiled unity dll's ...
Register platform support module: C:/Program Files/Unity/Hub/Editor/2020.2.2f1/Editor/Data/PlaybackEngines/WebGLSupport/UnityEditor.WebGL.Extensions.dll
Register platform support module: C:/Program Files/Unity/Hub/Editor/2020.2.2f1/Editor/Data/PlaybackEngines/WindowsStandaloneSupport/UnityEditor.WindowsStandalone.Extensions.dll
Register platform support module: C:/Program Files/Unity/Hub/Editor/2020.2.2f1/Editor/Data/PlaybackEngines/LinuxStandaloneSupport/UnityEditor.LinuxStandalone.Extensions.dll
Registered in 0.004560 seconds.
Native extension for LinuxStandalone target not found
Native extension for WindowsStandalone target not found
Native extension for WebGL target not found
Refreshing native plugins compatible for Editor in 30.82 ms, found 0 plugins.
Preloading 0 native plugins for Editor in 0.00 ms.
Invoked RoslynAnalysisRunner static constructor.
RoslynAnalysisRunner will not be running.
RoslynAnalysisRunner has terminated.
Mono: successfully reloaded assembly
- Completed reload, in  2.375 seconds
Platform modules already initialized, skipping
Registering precompiled user dll's ...
Registered in 0.000723 seconds.
Begin MonoManager ReloadAssembly
Native extension for LinuxStandalone target not found
Native extension for WindowsStandalone target not found
Native extension for WebGL target not found
Refreshing native plugins compatible for Editor in 0.30 ms, found 0 plugins.
Preloading 0 native plugins for Editor in 0.00 ms.
Invoked RoslynAnalysisRunner static constructor.
RoslynAnalysisRunner will not be running.
RoslynAnalysisRunner has terminated.
Mono: successfully reloaded assembly
- Completed reload, in  0.920 seconds
Platform modules already initialized, skipping
========================================================================
Worker process is ready to serve import requests
Launched and connected shader compiler UnityShaderCompiler.exe after 0.09 seconds
Refreshing native plugins compatible for Editor in 0.21 ms, found 0 plugins.
Preloading 0 native plugins for Editor in 0.00 ms.
Unloading 975 Unused Serialized files (Serialized files now loaded: 0)
System memory in use before: 61.7 MB.
System memory in use after: 61.7 MB.

Unloading 10 unused Assets to reduce memory usage. Loaded Objects now: 1416.
Total: 2.583100 ms (FindLiveObjects: 0.163200 ms CreateObjectMapping: 0.034400 ms MarkObjects: 2.209400 ms  DeleteObjects: 0.159700 ms)

========================================================================
Received Import Request.
  path: Assets/Fonts/FFFFORWA.TTF
  artifactKey: Guid(2404b94c15d43f34eac36ae447183c63) Importer(815301076,1909f56bfc062723c751e8b465ee728b)
Start importing Assets/Fonts/FFFFORWA.TTF using Guid(2404b94c15d43f34eac36ae447183c63) Importer(815301076,1909f56bfc062723c751e8b465ee728b)  -> (artifact id: '11ed7f1ec72b3fee8314e2c1bb3e29db') in 0.189354 seconds
  Import took 0.224299 seconds .

========================================================================
Received Prepare
Registering precompiled user dll's ...
Registered in 0.000630 seconds.
Begin MonoManager ReloadAssembly
Native extension for LinuxStandalone target not found
Native extension for WindowsStandalone target not found
Native extension for WebGL target not found
Refreshing native plugins compatible for Editor in 0.21 ms, found 0 plugins.
Preloading 0 native plugins for Editor in 0.00 ms.
Invoked RoslynAnalysisRunner static constructor.
RoslynAnalysisRunner will not be running.
RoslynAnalysisRunner has terminated.
Mono: successfully reloaded assembly
- Completed reload, in  0.894 seconds
Platform modules already initialized, skipping
Refreshing native plugins compatible for Editor in 0.20 ms, found 0 plugins.
Preloading 0 native plugins for Editor in 0.00 ms.
Unloading 957 Unused Serialized files (Serialized files now loaded: 0)
System memory in use before: 64.2 MB.
System memory in use after: 64.3 MB.

Unloading 5 unused Assets to reduce memory usage. Loaded Objects now: 1462.
Total: 1.567900 ms (FindLiveObjects: 0.166400 ms CreateObjectMapping: 0.033500 ms MarkObjects: 1.290400 ms  DeleteObjects: 0.076100 ms)

========================================================================
Received Prepare
Refreshing native plugins compatible for Editor in 0.47 ms, found 0 plugins.
Preloading 0 native plugins for Editor in 0.00 ms.
Unloading 3 Unused Serialized files (Serialized files now loaded: 0)
System memory in use before: 45.5 MB.
System memory in use after: 45.5 MB.

Unloading 3 unused Assets to reduce memory usage. Loaded Objects now: 1462.
Total: 2.821300 ms (FindLiveObjects: 0.137200 ms CreateObjectMapping: 0.047500 ms MarkObjects: 2.508000 ms  DeleteObjects: 0.126500 ms)

========================================================================
Received Import Request.
  Time since last request: 13.356991 seconds.
  path: Assets/Fonts/FFFFORWA.TTF
  artifactKey: Guid(2404b94c15d43f34eac36ae447183c63) Importer(815301076,1909f56bfc062723c751e8b465ee728b)
Start importing Assets/Fonts/FFFFORWA.TTF using Guid(2404b94c15d43f34eac36ae447183c63) Importer(815301076,1909f56bfc062723c751e8b465ee728b)  -> (artifact id: 'e654dc92b4f5f7c4f5073dc56a47d56b') in 0.069098 seconds
  Import took 0.096236 seconds .

========================================================================
Received Prepare
Refreshing native plugins compatible for Editor in 0.40 ms, found 0 plugins.
Preloading 0 native plugins for Editor in 0.00 ms.
Unloading 3 Unused Serialized files (Serialized files now loaded: 0)
System memory in use before: 45.7 MB.
System memory in use after: 45.8 MB.

Unloading 3 unused Assets to reduce memory usage. Loaded Objects now: 1464.
Total: 2.945200 ms (FindLiveObjects: 0.334000 ms CreateObjectMapping: 0.080700 ms MarkObjects: 2.438100 ms  DeleteObjects: 0.090500 ms)

========================================================================
Received Prepare
Refreshing native plugins compatible for Editor in 0.41 ms, found 0 plugins.
Preloading 0 native plugins for Editor in 0.00 ms.
Unloading 3 Unused Serialized files (Serialized files now loaded: 0)
System memory in use before: 45.9 MB.
System memory in use after: 46.0 MB.

Unloading 3 unused Assets to reduce memory usage. Loaded Objects now: 1464.
Total: 2.741700 ms (FindLiveObjects: 0.199400 ms CreateObjectMapping: 0.084000 ms MarkObjects: 2.335900 ms  DeleteObjects: 0.120000 ms)

========================================================================
Received Prepare
Refreshing native plugins compatible for Editor in 0.40 ms, found 0 plugins.
Preloading 0 native plugins for Editor in 0.00 ms.
Unloading 3 Unused Serialized files (Serialized files now loaded: 0)
System memory in use before: 46.0 MB.
System memory in use after: 46.0 MB.

Unloading 3 unused Assets to reduce memory usage. Loaded Objects now: 1464.
Total: 2.756600 ms (FindLiveObjects: 0.381900 ms CreateObjectMapping: 0.108700 ms MarkObjects: 2.161100 ms  DeleteObjects: 0.103600 ms)

AssetImportWorkerClient::OnTransportError - code=2 error=End of file
